<?xml version="1.0" encoding="UTF-8"?>
<testng-results total="1" passed="1" failed="0" skipped="0">
  <reporter-output>
  </reporter-output>
  <suite started-at="2022-12-01T03:15:04Z" name="test.com.ResizeTest" finished-at="2022-12-01T03:15:19Z" duration-ms="14662">
    <groups>
    </groups>
    <test started-at="2022-12-01T03:15:04Z" name="Command line test" finished-at="2022-12-01T03:15:19Z" duration-ms="14662">
      <class name="test.com.ResizeTest">
        <test-method is-config="true" signature="setUpClass()[pri:0, instance:test.com.ResizeTest@481a15ff]" started-at="2022-11-30T19:15:04Z" name="setUpClass" finished-at="2022-11-30T19:15:04Z" duration-ms="10" status="PASS">
          <reporter-output>
          </reporter-output>
        </test-method> <!-- setUpClass -->
        <test-method is-config="true" signature="setUpMethod()[pri:0, instance:test.com.ResizeTest@481a15ff]" started-at="2022-11-30T19:15:04Z" name="setUpMethod" finished-at="2022-11-30T19:15:07Z" duration-ms="3282" status="PASS">
          <reporter-output>
          </reporter-output>
        </test-method> <!-- setUpMethod -->
        <test-method signature="testResizePage()[pri:0, instance:test.com.ResizeTest@481a15ff]" started-at="2022-11-30T19:15:07Z" name="testResizePage" finished-at="2022-11-30T19:15:18Z" duration-ms="10996" status="PASS">
          <reporter-output>
          </reporter-output>
        </test-method> <!-- testResizePage -->
        <test-method is-config="true" signature="tearDownMethod()[pri:0, instance:test.com.ResizeTest@481a15ff]" started-at="2022-11-30T19:15:18Z" name="tearDownMethod" finished-at="2022-11-30T19:15:19Z" duration-ms="361" status="PASS">
          <reporter-output>
          </reporter-output>
        </test-method> <!-- tearDownMethod -->
        <test-method is-config="true" signature="tearDownClass()[pri:0, instance:test.com.ResizeTest@481a15ff]" started-at="2022-11-30T19:15:19Z" name="tearDownClass" finished-at="2022-11-30T19:15:19Z" duration-ms="1" status="PASS">
          <reporter-output>
          </reporter-output>
        </test-method> <!-- tearDownClass -->
      </class> <!-- test.com.ResizeTest -->
    </test> <!-- Command line test -->
  </suite> <!-- test.com.ResizeTest -->
</testng-results>
